\BOOKMARK [1][-]{section.1}{\376\377\127\372\147\054\151\202\137\365}{}% 1
\BOOKMARK [2][-]{subsection.1.1}{\376\377\116\015\124\014\147\057\213\355\225\364\135\356\137\002}{section.1}% 2
\BOOKMARK [2][-]{subsection.1.2}{\376\377\147\054\145\207\122\006\174\173\121\306\122\031}{section.1}% 3
\BOOKMARK [2][-]{subsection.1.3}{\376\377\147\054\145\207\166\204\176\304\176\307\176\323\147\204}{section.1}% 4
\BOOKMARK [1][-]{section.2}{\376\377\145\260\230\226\140\047\150\300\155\113\145\271\154\325}{}% 5
\BOOKMARK [2][-]{subsection.2.1}{\376\377\127\372\116\216\151\202\163\207\166\204\145\271\154\325}{section.2}% 6
\BOOKMARK [2][-]{subsection.2.2}{\376\377\127\372\116\216\215\335\171\273\166\204\145\271\154\325}{section.2}% 7
\BOOKMARK [2][-]{subsection.2.3}{\376\377\127\372\116\216\221\315\147\204\166\204\145\271\154\325}{section.2}% 8
\BOOKMARK [2][-]{subsection.2.4}{\376\377\127\372\116\216\127\337\166\204\145\271\154\325}{section.2}% 9
\BOOKMARK [2][-]{subsection.2.5}{\376\377\127\372\116\216\117\341\140\157\166\204\145\271\154\325}{section.2}% 10
\BOOKMARK [2][-]{subsection.2.6}{\376\377\127\372\116\216\155\361\136\246\133\146\116\140\166\204\145\271\154\325}{section.2}% 11
\BOOKMARK [2][-]{subsection.2.7}{\376\377\127\372\116\216\226\306\142\020\133\146\116\140\166\204\145\271\154\325}{section.2}% 12
\BOOKMARK [1][-]{section.3}{\376\377\145\366\136\217\230\206\127\337\145\260\230\226\140\047\150\300\155\113}{}% 13
\BOOKMARK [2][-]{subsection.3.1}{\376\377\146\172\141\147\135\345\116\032}{section.3}% 14
\BOOKMARK [3][-]{subsubsection.3.1.1}{\376\377\117\040\141\037\126\150\177\121\176\334\143\137\117\044\166\321\155\113}{subsection.3.1}% 15
\BOOKMARK [3][-]{subsubsection.3.1.2}{\376\377\165\065\147\072\145\105\226\234\150\300\155\113}{subsection.3.1}% 16
\BOOKMARK [3][-]{subsubsection.3.1.3}{\376\377\147\072\165\065\174\373\176\337\162\266\140\001\166\321\155\113}{subsection.3.1}% 17
\BOOKMARK [3][-]{subsubsection.3.1.4}{\376\377\237\177\217\156\173\261\162\266\140\001\166\321\155\113}{subsection.3.1}% 18
\BOOKMARK [3][-]{subsubsection.3.1.5}{\376\377\156\332\122\250\217\164\142\177\162\266\140\001\166\321\155\113}{subsection.3.1}% 19
\BOOKMARK [3][-]{subsubsection.3.1.6}{\376\377\147\120\145\231\143\137\117\044\166\321\155\113}{subsection.3.1}% 20
\BOOKMARK [2][-]{subsection.3.2}{\376\377\146\172\141\147\123\073\165\227}{section.3}% 21
\BOOKMARK [3][-]{subsubsection.3.2.1}{\376\377\140\045\140\047\124\174\124\070\172\230\217\353\176\374\124\010\137\201\166\321\155\113}{subsection.3.2}% 22
\BOOKMARK [3][-]{subsubsection.3.2.2}{\376\377\165\037\164\006\140\166\123\026\230\204\155\113}{subsection.3.2}% 23
\BOOKMARK [3][-]{subsubsection.3.2.3}{\376\377\201\352\225\355\214\061\174\373\226\234\170\215\123\312\136\025\221\321\150\356\165\305\140\243\200\005\137\002\136\070\217\320\122\250\166\321\155\113}{subsection.3.2}% 24
\BOOKMARK [3][-]{subsubsection.3.2.4}{\376\377\137\303\210\100\173\241\165\276\165\305\150\300\155\113}{subsection.3.2}% 25
\BOOKMARK [2][-]{subsection.3.3}{\376\377\146\172\141\147\127\316\136\002}{section.3}% 26
\BOOKMARK [3][-]{subsubsection.3.3.1}{\376\377\150\145\150\201\143\137\117\044\150\300\155\113}{subsection.3.3}% 27
\BOOKMARK [3][-]{subsubsection.3.3.2}{\376\377\142\077\134\113\136\372\173\121\162\266\140\001\166\321\155\113}{subsection.3.3}% 28
\BOOKMARK [3][-]{subsubsection.3.3.3}{\376\377\121\154\215\357\217\320\210\114\162\266\140\001\166\321\155\113}{subsection.3.3}% 29
\BOOKMARK [3][-]{subsubsection.3.3.4}{\376\377\213\276\131\007\133\232\117\115}{subsection.3.3}% 30
\BOOKMARK [2][-]{subsection.3.4}{\376\377\146\172\200\375\176\317\155\116}{section.3}% 31
\BOOKMARK [3][-]{subsubsection.3.4.1}{\376\377\172\172\116\055\116\244\220\032\173\241\122\066}{subsection.3.4}% 32
\BOOKMARK [2][-]{subsection.3.5}{\376\377\121\166\116\326}{section.3}% 33
\BOOKMARK [3][-]{subsubsection.3.5.1}{\376\377\150\070\116\213\145\105\213\306\122\053}{subsection.3.5}% 34
\BOOKMARK [3][-]{subsubsection.3.5.2}{\376\377\155\167\155\013\133\374\173\241\147\266\136\163\123\360\162\266\140\001\166\321\155\113}{subsection.3.5}% 35
\BOOKMARK [1][-]{section.4}{\376\377\126\376\120\317\230\206\127\337\145\260\230\226\140\047\150\300\155\113}{}% 36
\BOOKMARK [2][-]{subsection.4.1}{\376\377\146\172\141\147\135\345\116\032}{section.4}% 37
\BOOKMARK [3][-]{subsubsection.4.1.1}{\376\377\176\307\162\151\177\072\226\167\150\300\155\113}{subsection.4.1}% 38
\BOOKMARK [3][-]{subsubsection.4.1.2}{\376\377\135\345\116\032\177\072\226\167\150\300\155\113}{subsection.4.1}% 39
\BOOKMARK [2][-]{subsection.4.2}{\376\377\146\172\141\147\123\073\165\227}{section.4}% 40
\BOOKMARK [3][-]{subsubsection.4.2.1}{\376\377\000C\000O\000V\000I\000D\000-\0001\0009\140\243\200\005\150\300\155\113}{subsection.4.2}% 41
\BOOKMARK [3][-]{subsubsection.4.2.2}{\376\377\116\163\201\172\166\114\150\300\155\113}{subsection.4.2}% 42
\BOOKMARK [3][-]{subsubsection.4.2.3}{\376\377\200\277\166\044\150\300\155\113}{subsection.4.2}% 43
\BOOKMARK [3][-]{subsubsection.4.2.4}{\376\377\176\306\200\336\210\150\127\213\150\300\155\113}{subsection.4.2}% 44
\BOOKMARK [2][-]{subsection.4.3}{\376\377\146\172\141\147\127\316\136\002}{section.4}% 45
\BOOKMARK [3][-]{subsubsection.4.3.1}{\376\377\146\172\141\147\133\211\226\062}{subsection.4.3}% 46
\BOOKMARK [3][-]{subsubsection.4.3.2}{\376\377\221\315\213\306\122\053\116\373\122\241}{subsection.4.3}% 47
\BOOKMARK [3][-]{subsubsection.4.3.3}{\376\377\147\072\126\150\116\272\162\171\133\232\122\330\143\242\124\214\150\300\147\345\116\373\122\241}{subsection.4.3}% 48
\BOOKMARK [3][-]{subsubsection.4.3.4}{\376\377\154\024\120\031\145\260\230\226\140\047}{subsection.4.3}% 49
\BOOKMARK [3][-]{subsubsection.4.3.5}{\376\377\136\372\173\121\117\341\140\157\136\372\152\041}{subsection.4.3}% 50
\BOOKMARK [2][-]{subsection.4.4}{\376\377\146\172\200\375\176\317\155\116}{section.4}% 51
\BOOKMARK [2][-]{subsection.4.5}{\376\377\121\166\116\326}{section.4}% 52
\BOOKMARK [3][-]{subsubsection.4.5.1}{\376\377\142\113\122\277\213\306\122\053}{subsection.4.5}% 53
\BOOKMARK [3][-]{subsubsection.4.5.2}{\376\377\154\064\230\336\204\337\175\040\150\300\155\113}{subsection.4.5}% 54
\BOOKMARK [3][-]{subsubsection.4.5.3}{\376\377\202\052\131\051}{subsection.4.5}% 55
\BOOKMARK [1][-]{section.5}{\376\377\145\207\147\054\230\206\127\337\145\260\230\226\140\047\150\300\155\113}{}% 56
\BOOKMARK [2][-]{subsection.5.1}{\376\377\146\172\141\147\127\316\136\002}{section.5}% 57
\BOOKMARK [3][-]{subsubsection.5.1.1}{\376\377\145\260\225\373\142\245\220\123}{subsection.5.1}% 58
\BOOKMARK [3][-]{subsubsection.5.1.2}{\376\377\133\371\213\335\174\373\176\337}{subsection.5.1}% 59
\BOOKMARK [2][-]{subsection.5.2}{\376\377\146\172\200\375\176\317\155\116}{section.5}% 60
\BOOKMARK [3][-]{subsubsection.5.2.1}{\376\377\125\106\147\072\213\306\122\053}{subsection.5.2}% 61
\BOOKMARK [3][-]{subsubsection.5.2.2}{\376\377\147\052\147\145\145\160\143\156\230\204\155\113}{subsection.5.2}% 62
\BOOKMARK [2][-]{subsection.5.3}{\376\377\121\166\116\326}{section.5}% 63
\BOOKMARK [3][-]{subsubsection.5.3.1}{\376\377\145\207\163\056\145\260\230\226\140\047\150\300\155\113}{subsection.5.3}% 64
\BOOKMARK [3][-]{subsubsection.5.3.2}{\376\377\145\207\147\054\155\101\116\055\145\260\123\125\213\315\176\304\124\010}{subsection.5.3}% 65
\BOOKMARK [1][-]{section.6}{\376\377\121\166\116\326\230\206\127\337\145\260\230\226\140\047\150\300\155\113}{}% 66
\BOOKMARK [2][-]{subsection.6.1}{\376\377\146\172\141\147\135\345\116\032}{section.6}% 67
\BOOKMARK [3][-]{subsubsection.6.1.1}{\376\377\123\112\133\374\117\123\122\066\220\040}{subsection.6.1}% 68
\BOOKMARK [2][-]{subsection.6.2}{\376\377\146\172\141\147\123\073\165\227}{section.6}% 69
\BOOKMARK [2][-]{subsection.6.3}{\376\377\146\172\141\147\127\316\136\002}{section.6}% 70
\BOOKMARK [3][-]{subsubsection.6.3.1}{\376\377\165\050\142\067\216\253\116\375\232\214\213\301}{subsection.6.3}% 71
\BOOKMARK [3][-]{subsubsection.6.3.2}{\376\377\171\076\116\244\132\222\117\123\145\260\230\226\116\213\116\366}{subsection.6.3}% 72
\BOOKMARK [2][-]{subsection.6.4}{\376\377\146\172\200\375\176\317\155\116}{section.6}% 73
\BOOKMARK [3][-]{subsubsection.6.4.1}{\376\377\165\065\117\341\153\072\213\310\150\300\155\113}{subsection.6.4}% 74
\BOOKMARK [3][-]{subsubsection.6.4.2}{\376\377\146\172\200\375\165\065\177\121}{subsection.6.4}% 75
\BOOKMARK [3][-]{subsubsection.6.4.3}{\376\377\170\154\116\366\147\050\232\154\150\300\155\113}{subsection.6.4}% 76
\BOOKMARK [2][-]{subsection.6.5}{\376\377\121\166\116\326}{section.6}% 77
\BOOKMARK [3][-]{subsubsection.6.5.1}{\376\377\144\034\133\373\215\205\215\212\150\007\121\306\152\041\127\213}{subsection.6.5}% 78
\BOOKMARK [3][-]{subsubsection.6.5.2}{\376\377\164\003\162\266\146\037\126\342\150\300\155\113}{subsection.6.5}% 79
\BOOKMARK [3][-]{subsubsection.6.5.3}{\376\377\123\357\123\330\146\037\150\300\155\113}{subsection.6.5}% 80
\BOOKMARK [3][-]{subsubsection.6.5.4}{\376\377\154\024\124\163\145\260\230\226\140\047\150\300\155\113}{subsection.6.5}% 81
\BOOKMARK [1][-]{section.7}{\376\377\140\073\176\323}{}% 82
